<?xml version="1.0" encoding="UTF-8"?>
<testng-results skipped="0" failed="0" ignored="0" total="1" passed="1">
  <reporter-output>
    <line>
      <![CDATA[New Customer id:44552created ]]>
    </line>
    <line>
      <![CDATA[<br>]]>
    </line>
    <line>
      <![CDATA[<a href=/Users/bharatgurnani/git/MavenDummySelTest/MavenDummySelTest/Screenshots/snap2020-05-28-11.39.11.png><img src=/Users/bharatgurnani/git/MavenDummySelTest/MavenDummySelTest/Screenshots/snap2020-05-28-11.39.11.png height=200 width=200></a>]]>
    </line>
  </reporter-output>
  <suite name="NewCustomerComponentTest" duration-ms="15919" started-at="2020-05-28T06:08:56Z" finished-at="2020-05-28T06:09:11Z">
    <groups>
    </groups>
    <test name="NewCustomerTest" duration-ms="15919" started-at="2020-05-28T06:08:56Z" finished-at="2020-05-28T06:09:11Z">
      <class name="test.NewCustomerComponentTest">
        <test-method status="PASS" signature="beforeSuite()[pri:0, instance:test.NewCustomerComponentTest@11758f2a]" name="beforeSuite" is-config="true" duration-ms="8" started-at="2020-05-28T06:08:56Z" finished-at="2020-05-28T06:08:56Z">
          <reporter-output>
          </reporter-output>
        </test-method> <!-- beforeSuite -->
        <test-method status="PASS" signature="beforeTest()[pri:0, instance:test.NewCustomerComponentTest@11758f2a]" name="beforeTest" is-config="true" duration-ms="1986" started-at="2020-05-28T06:08:56Z" finished-at="2020-05-28T06:08:58Z">
          <reporter-output>
          </reporter-output>
        </test-method> <!-- beforeTest -->
        <test-method status="PASS" signature="beforeClass()[pri:0, instance:test.NewCustomerComponentTest@11758f2a]" name="beforeClass" is-config="true" duration-ms="6836" started-at="2020-05-28T06:08:58Z" finished-at="2020-05-28T06:09:04Z">
          <reporter-output>
          </reporter-output>
        </test-method> <!-- beforeClass -->
        <test-method status="PASS" signature="NewCustomer1()[pri:0, instance:test.NewCustomerComponentTest@11758f2a]" name="NewCustomer1" duration-ms="5617" started-at="2020-05-28T06:09:04Z" finished-at="2020-05-28T06:09:10Z">
          <reporter-output>
            <line>
              <![CDATA[New Customer id:44552created ]]>
            </line>
            <line>
              <![CDATA[<br>]]>
            </line>
            <line>
              <![CDATA[<a href=/Users/bharatgurnani/git/MavenDummySelTest/MavenDummySelTest/Screenshots/snap2020-05-28-11.39.11.png><img src=/Users/bharatgurnani/git/MavenDummySelTest/MavenDummySelTest/Screenshots/snap2020-05-28-11.39.11.png height=200 width=200></a>]]>
            </line>
          </reporter-output>
        </test-method> <!-- NewCustomer1 -->
        <test-method status="PASS" signature="beforeMethod()[pri:0, instance:test.NewCustomerComponentTest@11758f2a]" name="beforeMethod" is-config="true" duration-ms="0" started-at="2020-05-28T06:09:04Z" finished-at="2020-05-28T06:09:04Z">
          <reporter-output>
          </reporter-output>
        </test-method> <!-- beforeMethod -->
        <test-method status="PASS" signature="afterMethod()[pri:0, instance:test.NewCustomerComponentTest@11758f2a]" name="afterMethod" is-config="true" duration-ms="0" started-at="2020-05-28T06:09:11Z" finished-at="2020-05-28T06:09:11Z">
          <reporter-output>
          </reporter-output>
        </test-method> <!-- afterMethod -->
        <test-method status="PASS" signature="afterClass()[pri:0, instance:test.NewCustomerComponentTest@11758f2a]" name="afterClass" is-config="true" duration-ms="0" started-at="2020-05-28T06:09:11Z" finished-at="2020-05-28T06:09:11Z">
          <reporter-output>
          </reporter-output>
        </test-method> <!-- afterClass -->
        <test-method status="PASS" signature="afterTest()[pri:0, instance:test.NewCustomerComponentTest@11758f2a]" name="afterTest" is-config="true" duration-ms="93" started-at="2020-05-28T06:09:11Z" finished-at="2020-05-28T06:09:11Z">
          <reporter-output>
          </reporter-output>
        </test-method> <!-- afterTest -->
        <test-method status="PASS" signature="afterSuite()[pri:0, instance:test.NewCustomerComponentTest@11758f2a]" name="afterSuite" is-config="true" duration-ms="0" started-at="2020-05-28T06:09:12Z" finished-at="2020-05-28T06:09:12Z">
          <reporter-output>
          </reporter-output>
        </test-method> <!-- afterSuite -->
      </class> <!-- test.NewCustomerComponentTest -->
    </test> <!-- NewCustomerTest -->
  </suite> <!-- NewCustomerComponentTest -->
</testng-results>
